<?xml version="1.0" encoding="UTF-8"?>
<testsuite name="CoffeeMachineTest" tests="1" skipped="0" failures="0" errors="0" timestamp="2020-07-05T17:01:37" hostname="DESKTOP-CSS9PRT" time="0.246">
  <properties/>
  <testcase name="start" classname="CoffeeMachineTest" time="0.246"/>
  <system-out><![CDATA[?[1;31m
Start test 1?[0m

Write action ( [B]uy, [F]ill, [T]ake, [R]emaining, [E]xit ):
> > remaining

The coffee machine has:
400 of water
540 of milk
120 of coffee beans
9 of disposable cups
550 of money

Write action ( [B]uy, [F]ill, [T]ake, [R]emaining, [E]xit ):
> > buy
Please select the coffee type: 
[1] ESPRESSO: $4
[2] LATTE: $7
[3] CAPPUCCINO: $6
[back]
> > 2
I have enough resources, making you a coffee!

Write action ( [B]uy, [F]ill, [T]ake, [R]emaining, [E]xit ):
> > buy
Please select the coffee type: 
[1] ESPRESSO: $4
[2] LATTE: $7
[3] CAPPUCCINO: $6
[back]
> > 2
Sorry, not enough water!

Write action ( [B]uy, [F]ill, [T]ake, [R]emaining, [E]xit ):
> > fill
Write how many ml of water do you want to add:
> > 1000
Write how many ml of milk do you want to add:
> > 0
Write how many grams of coffee beans do you want to add:
> > 0
Write how many disposable cups of coffee do you want to add:
> > 0

Write action ( [B]uy, [F]ill, [T]ake, [R]emaining, [E]xit ):
> > buy
Please select the coffee type: 
[1] ESPRESSO: $4
[2] LATTE: $7
[3] CAPPUCCINO: $6
[back]
> > 2
I have enough resources, making you a coffee!

Write action ( [B]uy, [F]ill, [T]ake, [R]emaining, [E]xit ):
> > take
I gave you $564

Write action ( [B]uy, [F]ill, [T]ake, [R]emaining, [E]xit ):
> > remaining

The coffee machine has:
700 of water
390 of milk
80 of coffee beans
7 of disposable cups
0 of money

Write action ( [B]uy, [F]ill, [T]ake, [R]emaining, [E]xit ):
> > exit
Closing application!
?[1;31m
Start test 2?[0m

Write action ( [B]uy, [F]ill, [T]ake, [R]emaining, [E]xit ):
> > remaining

The coffee machine has:
400 of water
540 of milk
120 of coffee beans
9 of disposable cups
550 of money

Write action ( [B]uy, [F]ill, [T]ake, [R]emaining, [E]xit ):
> > fill
Write how many ml of water do you want to add:
> > 3000
Write how many ml of milk do you want to add:
> > 3000
Write how many grams of coffee beans do you want to add:
> > 3000
Write how many disposable cups of coffee do you want to add:
> > 3000

Write action ( [B]uy, [F]ill, [T]ake, [R]emaining, [E]xit ):
> > remaining

The coffee machine has:
3400 of water
3540 of milk
3120 of coffee beans
3009 of disposable cups
550 of money

Write action ( [B]uy, [F]ill, [T]ake, [R]emaining, [E]xit ):
> > exit
Closing application!
?[1;31m
Start test 3?[0m

Write action ( [B]uy, [F]ill, [T]ake, [R]emaining, [E]xit ):
> > remaining

The coffee machine has:
400 of water
540 of milk
120 of coffee beans
9 of disposable cups
550 of money

Write action ( [B]uy, [F]ill, [T]ake, [R]emaining, [E]xit ):
> > buy
Please select the coffee type: 
[1] ESPRESSO: $4
[2] LATTE: $7
[3] CAPPUCCINO: $6
[back]
> > 1
I have enough resources, making you a coffee!

Write action ( [B]uy, [F]ill, [T]ake, [R]emaining, [E]xit ):
> > remaining

The coffee machine has:
150 of water
540 of milk
104 of coffee beans
8 of disposable cups
554 of money

Write action ( [B]uy, [F]ill, [T]ake, [R]emaining, [E]xit ):
> > exit
Closing application!
?[1;31m
Start test 4?[0m

Write action ( [B]uy, [F]ill, [T]ake, [R]emaining, [E]xit ):
> > remaining

The coffee machine has:
400 of water
540 of milk
120 of coffee beans
9 of disposable cups
550 of money

Write action ( [B]uy, [F]ill, [T]ake, [R]emaining, [E]xit ):
> > buy
Please select the coffee type: 
[1] ESPRESSO: $4
[2] LATTE: $7
[3] CAPPUCCINO: $6
[back]
> > 2
I have enough resources, making you a coffee!

Write action ( [B]uy, [F]ill, [T]ake, [R]emaining, [E]xit ):
> > remaining

The coffee machine has:
50 of water
465 of milk
100 of coffee beans
8 of disposable cups
557 of money

Write action ( [B]uy, [F]ill, [T]ake, [R]emaining, [E]xit ):
> > exit
Closing application!
?[1;31m
Start test 5?[0m

Write action ( [B]uy, [F]ill, [T]ake, [R]emaining, [E]xit ):
> > remaining

The coffee machine has:
400 of water
540 of milk
120 of coffee beans
9 of disposable cups
550 of money

Write action ( [B]uy, [F]ill, [T]ake, [R]emaining, [E]xit ):
> > buy
Please select the coffee type: 
[1] ESPRESSO: $4
[2] LATTE: $7
[3] CAPPUCCINO: $6
[back]
> > 3
I have enough resources, making you a coffee!

Write action ( [B]uy, [F]ill, [T]ake, [R]emaining, [E]xit ):
> > remaining

The coffee machine has:
200 of water
440 of milk
108 of coffee beans
8 of disposable cups
556 of money

Write action ( [B]uy, [F]ill, [T]ake, [R]emaining, [E]xit ):
> > exit
Closing application!
?[1;31m
Start test 6?[0m

Write action ( [B]uy, [F]ill, [T]ake, [R]emaining, [E]xit ):
> > remaining

The coffee machine has:
400 of water
540 of milk
120 of coffee beans
9 of disposable cups
550 of money

Write action ( [B]uy, [F]ill, [T]ake, [R]emaining, [E]xit ):
> > take
I gave you $550

Write action ( [B]uy, [F]ill, [T]ake, [R]emaining, [E]xit ):
> > remaining

The coffee machine has:
400 of water
540 of milk
120 of coffee beans
9 of disposable cups
0 of money

Write action ( [B]uy, [F]ill, [T]ake, [R]emaining, [E]xit ):
> > exit
Closing application!
?[1;31m
Start test 7?[0m

Write action ( [B]uy, [F]ill, [T]ake, [R]emaining, [E]xit ):
> > remaining

The coffee machine has:
400 of water
540 of milk
120 of coffee beans
9 of disposable cups
550 of money

Write action ( [B]uy, [F]ill, [T]ake, [R]emaining, [E]xit ):
> > buy
Please select the coffee type: 
[1] ESPRESSO: $4
[2] LATTE: $7
[3] CAPPUCCINO: $6
[back]
> > back

Write action ( [B]uy, [F]ill, [T]ake, [R]emaining, [E]xit ):
> > remaining

The coffee machine has:
400 of water
540 of milk
120 of coffee beans
9 of disposable cups
550 of money

Write action ( [B]uy, [F]ill, [T]ake, [R]emaining, [E]xit ):
> > exit
Closing application!
]]></system-out>
  <system-err><![CDATA[]]></system-err>
</testsuite>
